<?xml version="1.0" encoding="UTF-8"?>
<testng-results ignored="0" total="4" passed="3" failed="1" skipped="0">
  <reporter-output>
  </reporter-output>
  <suite started-at="2023-05-10T22:58:14 BST" name="Default suite" finished-at="2023-05-10T22:58:35 BST" duration-ms="20958">
    <groups>
    </groups>
    <test started-at="2023-05-10T22:58:14 BST" name="Default test" finished-at="2023-05-10T22:58:35 BST" duration-ms="20958">
      <class name="TestNGAnnatation">
        <test-method is-config="true" signature="beforeSuite()[pri:0, instance:TestNGAnnatation@593aaf41]" started-at="2023-05-10T22:58:10 BST" name="beforeSuite" finished-at="2023-05-10T22:58:14 BST" duration-ms="4401" status="PASS">
          <reporter-output>
          </reporter-output>
        </test-method> <!-- beforeSuite -->
        <test-method is-config="true" signature="Delay()[pri:0, instance:TestNGAnnatation@593aaf41]" started-at="2023-05-10T22:58:14 BST" name="Delay" finished-at="2023-05-10T22:58:18 BST" duration-ms="4037" status="PASS">
          <reporter-output>
          </reporter-output>
        </test-method> <!-- Delay -->
        <test-method signature="testCaseGoToNews()[pri:0, instance:TestNGAnnatation@593aaf41]" started-at="2023-05-10T22:58:18 BST" name="testCaseGoToNews" finished-at="2023-05-10T22:58:20 BST" duration-ms="1439" status="PASS">
          <reporter-output>
          </reporter-output>
        </test-method> <!-- testCaseGoToNews -->
        <test-method is-config="true" signature="Delay()[pri:0, instance:TestNGAnnatation@593aaf41]" started-at="2023-05-10T22:58:20 BST" name="Delay" finished-at="2023-05-10T22:58:24 BST" duration-ms="4070" status="PASS">
          <reporter-output>
          </reporter-output>
        </test-method> <!-- Delay -->
        <test-method signature="testCaseGoToNews2()[pri:0, instance:TestNGAnnatation@593aaf41]" started-at="2023-05-10T22:58:24 BST" name="testCaseGoToNews2" finished-at="2023-05-10T22:58:25 BST" duration-ms="1180" status="PASS">
          <reporter-output>
          </reporter-output>
        </test-method> <!-- testCaseGoToNews2 -->
        <test-method is-config="true" signature="Delay()[pri:0, instance:TestNGAnnatation@593aaf41]" started-at="2023-05-10T22:58:25 BST" name="Delay" finished-at="2023-05-10T22:58:29 BST" duration-ms="3784" status="PASS">
          <reporter-output>
          </reporter-output>
        </test-method> <!-- Delay -->
        <test-method signature="testSport()[pri:0, instance:TestNGAnnatation@593aaf41]" started-at="2023-05-10T22:58:29 BST" name="testSport" finished-at="2023-05-10T22:58:30 BST" duration-ms="1133" status="FAIL">
          <exception class="org.openqa.selenium.ElementClickInterceptedException">
            <message>
              <![CDATA[element click intercepted: Element <li class="ssrcss-t1nvxi-GlobalNavigationProduct e1gviwgp22">...</li> is not clickable at point (559, 32). Other element would receive the click: <div data-testid="test-overlay" class="ssrcss-veoawf-Overlay eugnsri7">...</div>
  (Session info: chrome=113.0.5672.93)
Build info: version: '4.9.1', revision: 'eb2032df7f'
System info: os.name: 'Windows 10', os.arch: 'amd64', os.version: '10.0', java.version: '17.0.2'
Driver info: org.openqa.selenium.chrome.ChromeDriver
Command: [13e13a192d27f71cf9263882c745dc99, clickElement {id=F233DF2AF662F72C014EF2B8D21640F8_element_8}]
Capabilities {acceptInsecureCerts: false, browserName: chrome, browserVersion: 113.0.5672.93, chrome: {chromedriverVersion: 113.0.5672.63 (0e1a4471d5ae..., userDataDir: C:\Users\brind\AppData\Loca...}, goog:chromeOptions: {debuggerAddress: localhost:59862}, networkConnectionEnabled: false, pageLoadStrategy: normal, platformName: windows, proxy: Proxy(), se:cdp: ws://localhost:59862/devtoo..., se:cdpVersion: 113.0.5672.93, setWindowRect: true, strictFileInteractability: false, timeouts: {implicit: 0, pageLoad: 300000, script: 30000}, unhandledPromptBehavior: dismiss and notify, webauthn:extension:credBlob: true, webauthn:extension:largeBlob: true, webauthn:extension:minPinLength: true, webauthn:extension:prf: true, webauthn:virtualAuthenticators: true}
Element: [[ChromeDriver: chrome on windows (13e13a192d27f71cf9263882c745dc99)] -> xpath: /html/body/div/div/div/div[1]/div/header/nav/div[1]/div/div[2]/ul[2]/li[3]]
Session ID: 13e13a192d27f71cf9263882c745dc99]]>
            </message>
            <full-stacktrace>
              <![CDATA[org.openqa.selenium.ElementClickInterceptedException: element click intercepted: Element <li class="ssrcss-t1nvxi-GlobalNavigationProduct e1gviwgp22">...</li> is not clickable at point (559, 32). Other element would receive the click: <div data-testid="test-overlay" class="ssrcss-veoawf-Overlay eugnsri7">...</div>
  (Session info: chrome=113.0.5672.93)
Build info: version: '4.9.1', revision: 'eb2032df7f'
System info: os.name: 'Windows 10', os.arch: 'amd64', os.version: '10.0', java.version: '17.0.2'
Driver info: org.openqa.selenium.chrome.ChromeDriver
Command: [13e13a192d27f71cf9263882c745dc99, clickElement {id=F233DF2AF662F72C014EF2B8D21640F8_element_8}]
Capabilities {acceptInsecureCerts: false, browserName: chrome, browserVersion: 113.0.5672.93, chrome: {chromedriverVersion: 113.0.5672.63 (0e1a4471d5ae..., userDataDir: C:\Users\brind\AppData\Loca...}, goog:chromeOptions: {debuggerAddress: localhost:59862}, networkConnectionEnabled: false, pageLoadStrategy: normal, platformName: windows, proxy: Proxy(), se:cdp: ws://localhost:59862/devtoo..., se:cdpVersion: 113.0.5672.93, setWindowRect: true, strictFileInteractability: false, timeouts: {implicit: 0, pageLoad: 300000, script: 30000}, unhandledPromptBehavior: dismiss and notify, webauthn:extension:credBlob: true, webauthn:extension:largeBlob: true, webauthn:extension:minPinLength: true, webauthn:extension:prf: true, webauthn:virtualAuthenticators: true}
Element: [[ChromeDriver: chrome on windows (13e13a192d27f71cf9263882c745dc99)] -> xpath: /html/body/div/div/div/div[1]/div/header/nav/div[1]/div/div[2]/ul[2]/li[3]]
Session ID: 13e13a192d27f71cf9263882c745dc99
at java.base/jdk.internal.reflect.NativeConstructorAccessorImpl.newInstance0(Native Method)
at java.base/jdk.internal.reflect.NativeConstructorAccessorImpl.newInstance(NativeConstructorAccessorImpl.java:77)
at java.base/jdk.internal.reflect.DelegatingConstructorAccessorImpl.newInstance(DelegatingConstructorAccessorImpl.java:45)
at java.base/java.lang.reflect.Constructor.newInstanceWithCaller(Constructor.java:499)
at java.base/java.lang.reflect.Constructor.newInstance(Constructor.java:480)
at org.openqa.selenium.remote.codec.w3c.W3CHttpResponseCodec.createException(W3CHttpResponseCodec.java:200)
at org.openqa.selenium.remote.codec.w3c.W3CHttpResponseCodec.decode(W3CHttpResponseCodec.java:133)
at org.openqa.selenium.remote.codec.w3c.W3CHttpResponseCodec.decode(W3CHttpResponseCodec.java:53)
at org.openqa.selenium.remote.HttpCommandExecutor.execute(HttpCommandExecutor.java:193)
at org.openqa.selenium.remote.service.DriverCommandExecutor.invokeExecute(DriverCommandExecutor.java:183)
at org.openqa.selenium.remote.service.DriverCommandExecutor.execute(DriverCommandExecutor.java:158)
at org.openqa.selenium.remote.RemoteWebDriver.execute(RemoteWebDriver.java:543)
at org.openqa.selenium.remote.RemoteWebElement.execute(RemoteWebElement.java:257)
at org.openqa.selenium.remote.RemoteWebElement.click(RemoteWebElement.java:78)
at TestNGAnnatation.testSport(TestNGAnnatation.java:56)
at java.base/jdk.internal.reflect.NativeMethodAccessorImpl.invoke0(Native Method)
at java.base/jdk.internal.reflect.NativeMethodAccessorImpl.invoke(NativeMethodAccessorImpl.java:77)
at java.base/jdk.internal.reflect.DelegatingMethodAccessorImpl.invoke(DelegatingMethodAccessorImpl.java:43)
at java.base/java.lang.reflect.Method.invoke(Method.java:568)
at org.testng.internal.MethodInvocationHelper.invokeMethod(MethodInvocationHelper.java:133)
at org.testng.internal.TestInvoker.invokeMethod(TestInvoker.java:598)
at org.testng.internal.TestInvoker.invokeTestMethod(TestInvoker.java:173)
at org.testng.internal.MethodRunner.runInSequence(MethodRunner.java:46)
at org.testng.internal.TestInvoker$MethodInvocationAgent.invoke(TestInvoker.java:824)
at org.testng.internal.TestInvoker.invokeTestMethods(TestInvoker.java:146)
at org.testng.internal.TestMethodWorker.invokeTestMethods(TestMethodWorker.java:146)
at org.testng.internal.TestMethodWorker.run(TestMethodWorker.java:128)
at java.base/java.util.ArrayList.forEach(ArrayList.java:1511)
at org.testng.TestRunner.privateRun(TestRunner.java:794)
at org.testng.TestRunner.run(TestRunner.java:596)
at org.testng.SuiteRunner.runTest(SuiteRunner.java:377)
at org.testng.SuiteRunner.runSequentially(SuiteRunner.java:371)
at org.testng.SuiteRunner.privateRun(SuiteRunner.java:332)
at org.testng.SuiteRunner.run(SuiteRunner.java:276)
at org.testng.SuiteRunnerWorker.runSuite(SuiteRunnerWorker.java:53)
at org.testng.SuiteRunnerWorker.run(SuiteRunnerWorker.java:96)
at org.testng.TestNG.runSuitesSequentially(TestNG.java:1212)
at org.testng.TestNG.runSuitesLocally(TestNG.java:1134)
at org.testng.TestNG.runSuites(TestNG.java:1063)
at org.testng.TestNG.run(TestNG.java:1031)
at org.testng.remote.AbstractRemoteTestNG.run(AbstractRemoteTestNG.java:115)
at org.testng.remote.RemoteTestNG.initAndRun(RemoteTestNG.java:251)
at org.testng.remote.RemoteTestNG.main(RemoteTestNG.java:77)
]]>
            </full-stacktrace>
          </exception> <!-- org.openqa.selenium.ElementClickInterceptedException -->
          <reporter-output>
          </reporter-output>
        </test-method> <!-- testSport -->
        <test-method is-config="true" signature="Delay()[pri:0, instance:TestNGAnnatation@593aaf41]" started-at="2023-05-10T22:58:30 BST" name="Delay" finished-at="2023-05-10T22:58:33 BST" duration-ms="3479" status="PASS">
          <reporter-output>
          </reporter-output>
        </test-method> <!-- Delay -->
        <test-method signature="testWeather()[pri:0, instance:TestNGAnnatation@593aaf41]" started-at="2023-05-10T22:58:33 BST" name="testWeather" finished-at="2023-05-10T22:58:35 BST" duration-ms="1772" status="PASS">
          <reporter-output>
          </reporter-output>
        </test-method> <!-- testWeather -->
        <test-method is-config="true" signature="afterSuite()[pri:0, instance:TestNGAnnatation@593aaf41]" started-at="2023-05-10T22:58:35 BST" name="afterSuite" finished-at="2023-05-10T22:58:36 BST" duration-ms="548" status="PASS">
          <reporter-output>
          </reporter-output>
        </test-method> <!-- afterSuite -->
      </class> <!-- TestNGAnnatation -->
    </test> <!-- Default test -->
  </suite> <!-- Default suite -->
</testng-results>
